-------------------------------------------------------------------------------
Test set: TestSuite
-------------------------------------------------------------------------------
Tests run: 2, Failures: 1, Errors: 0, Skipped: 0, Time elapsed: 14.679 sec <<< FAILURE! - in TestSuite
f2(TestNG_example.TestNG_example.myClass)  Time elapsed: 6.327 sec  <<< FAILURE!
java.lang.AssertionError: expected [true] but found [false]
	at TestNG_example.TestNG_example.myClass.f2(myClass.java:56)

